<?xml version="1.0" encoding="UTF-8"?>
<!-- Generated by org.testng.reporters.JUnitReportReporter -->
<testsuite hostname="EG1480NB" failures="0" tests="2" name="com.practice.automationtesting.tests.ShopTest" time="24.885" errors="0" timestamp="2024-12-14T02:58:30 EET" skipped="0">
  <testcase classname="com.practice.automationtesting.tests.ShopTest" name="testThinkingInHTMLBookPurchase" time="11.372"/>
  <testcase classname="com.practice.automationtesting.tests.ShopTest" name="testThinkingInHTMLBookPurchase" time="13.513"/>
</testsuite> <!-- com.practice.automationtesting.tests.ShopTest -->
